{"C:\\Users\\david\\Documents\\BYUI Classes\\itm-350\\workout-app\\workout-log-app\\src\\models\\database.js": {"path":"C:\\Users\\david\\Documents\\BYUI Classes\\itm-350\\workout-app\\workout-log-app\\src\\models\\database.js","statementMap":{"0":{"start":{"line":1,"column":16},"end":{"line":1,"column":44}},"1":{"start":{"line":2,"column":13},"end":{"line":2,"column":28}},"2":{"start":{"line":3,"column":11},"end":{"line":3,"column":24}},"3":{"start":{"line":8,"column":16},"end":{"line":8,"column":36}},"4":{"start":{"line":9,"column":4},"end":{"line":11,"column":5}},"5":{"start":{"line":10,"column":6},"end":{"line":10,"column":45}},"6":{"start":{"line":13,"column":4},"end":{"line":20,"column":7}},"7":{"start":{"line":14,"column":6},"end":{"line":19,"column":7}},"8":{"start":{"line":15,"column":8},"end":{"line":15,"column":54}},"9":{"start":{"line":17,"column":8},"end":{"line":17,"column":52}},"10":{"start":{"line":18,"column":8},"end":{"line":18,"column":32}},"11":{"start":{"line":24,"column":27},"end":{"line":35,"column":5}},"12":{"start":{"line":37,"column":4},"end":{"line":43,"column":7}},"13":{"start":{"line":38,"column":6},"end":{"line":42,"column":7}},"14":{"start":{"line":39,"column":8},"end":{"line":39,"column":52}},"15":{"start":{"line":41,"column":8},"end":{"line":41,"column":44}},"16":{"start":{"line":47,"column":16},"end":{"line":47,"column":76}},"17":{"start":{"line":48,"column":4},"end":{"line":48,"column":35}},"18":{"start":{"line":52,"column":16},"end":{"line":52,"column":53}},"19":{"start":{"line":53,"column":4},"end":{"line":53,"column":37}},"20":{"start":{"line":57,"column":16},"end":{"line":60,"column":5}},"21":{"start":{"line":61,"column":19},"end":{"line":68,"column":5}},"22":{"start":{"line":69,"column":4},"end":{"line":69,"column":39}},"23":{"start":{"line":73,"column":16},"end":{"line":73,"column":51}},"24":{"start":{"line":74,"column":4},"end":{"line":74,"column":37}},"25":{"start":{"line":78,"column":4},"end":{"line":84,"column":7}},"26":{"start":{"line":79,"column":6},"end":{"line":83,"column":7}},"27":{"start":{"line":80,"column":8},"end":{"line":80,"column":54}},"28":{"start":{"line":82,"column":8},"end":{"line":82,"column":50}},"29":{"start":{"line":88,"column":0},"end":{"line":88,"column":26}}},"fnMap":{"0":{"name":"(anonymous_0)","decl":{"start":{"line":6,"column":2},"end":{"line":6,"column":3}},"loc":{"start":{"line":6,"column":45},"end":{"line":21,"column":3}},"line":6},"1":{"name":"(anonymous_1)","decl":{"start":{"line":13,"column":43},"end":{"line":13,"column":44}},"loc":{"start":{"line":13,"column":52},"end":{"line":20,"column":5}},"line":13},"2":{"name":"(anonymous_2)","decl":{"start":{"line":23,"column":2},"end":{"line":23,"column":3}},"loc":{"start":{"line":23,"column":21},"end":{"line":44,"column":3}},"line":23},"3":{"name":"(anonymous_3)","decl":{"start":{"line":37,"column":32},"end":{"line":37,"column":33}},"loc":{"start":{"line":37,"column":41},"end":{"line":43,"column":5}},"line":37},"4":{"name":"(anonymous_4)","decl":{"start":{"line":46,"column":2},"end":{"line":46,"column":3}},"loc":{"start":{"line":46,"column":27},"end":{"line":49,"column":3}},"line":46},"5":{"name":"(anonymous_5)","decl":{"start":{"line":51,"column":2},"end":{"line":51,"column":3}},"loc":{"start":{"line":51,"column":31},"end":{"line":54,"column":3}},"line":51},"6":{"name":"(anonymous_6)","decl":{"start":{"line":56,"column":2},"end":{"line":56,"column":3}},"loc":{"start":{"line":56,"column":35},"end":{"line":70,"column":3}},"line":56},"7":{"name":"(anonymous_7)","decl":{"start":{"line":72,"column":2},"end":{"line":72,"column":3}},"loc":{"start":{"line":72,"column":30},"end":{"line":75,"column":3}},"line":72},"8":{"name":"(anonymous_8)","decl":{"start":{"line":77,"column":2},"end":{"line":77,"column":3}},"loc":{"start":{"line":77,"column":10},"end":{"line":85,"column":3}},"line":77},"9":{"name":"(anonymous_9)","decl":{"start":{"line":78,"column":18},"end":{"line":78,"column":19}},"loc":{"start":{"line":78,"column":27},"end":{"line":84,"column":5}},"line":78}},"branchMap":{"0":{"loc":{"start":{"line":6,"column":14},"end":{"line":6,"column":43}},"type":"default-arg","locations":[{"start":{"line":6,"column":23},"end":{"line":6,"column":43}}],"line":6},"1":{"loc":{"start":{"line":9,"column":4},"end":{"line":11,"column":5}},"type":"if","locations":[{"start":{"line":9,"column":4},"end":{"line":11,"column":5}},{"start":{},"end":{}}],"line":9},"2":{"loc":{"start":{"line":14,"column":6},"end":{"line":19,"column":7}},"type":"if","locations":[{"start":{"line":14,"column":6},"end":{"line":19,"column":7}},{"start":{"line":16,"column":13},"end":{"line":19,"column":7}}],"line":14},"3":{"loc":{"start":{"line":38,"column":6},"end":{"line":42,"column":7}},"type":"if","locations":[{"start":{"line":38,"column":6},"end":{"line":42,"column":7}},{"start":{"line":40,"column":13},"end":{"line":42,"column":7}}],"line":38},"4":{"loc":{"start":{"line":65,"column":6},"end":{"line":65,"column":28}},"type":"binary-expr","locations":[{"start":{"line":65,"column":6},"end":{"line":65,"column":20}},{"start":{"line":65,"column":24},"end":{"line":65,"column":28}}],"line":65},"5":{"loc":{"start":{"line":67,"column":6},"end":{"line":67,"column":25}},"type":"binary-expr","locations":[{"start":{"line":67,"column":6},"end":{"line":67,"column":19}},{"start":{"line":67,"column":23},"end":{"line":67,"column":25}}],"line":67},"6":{"loc":{"start":{"line":79,"column":6},"end":{"line":83,"column":7}},"type":"if","locations":[{"start":{"line":79,"column":6},"end":{"line":83,"column":7}},{"start":{"line":81,"column":13},"end":{"line":83,"column":7}}],"line":79}},"s":{"0":2,"1":2,"2":2,"3":7,"4":7,"5":0,"6":7,"7":7,"8":0,"9":7,"10":7,"11":7,"12":7,"13":7,"14":0,"15":7,"16":3,"17":3,"18":5,"19":5,"20":10,"21":10,"22":10,"23":3,"24":3,"25":0,"26":0,"27":0,"28":0,"29":2},"f":{"0":7,"1":7,"2":7,"3":7,"4":3,"5":5,"6":10,"7":3,"8":0,"9":0},"b":{"0":[1],"1":[0,7],"2":[0,7],"3":[0,7],"4":[10,5],"5":[10,5],"6":[0,0]},"_coverageSchema":"1a1c01bbd47fc00a2c39e90264f33305004495a9","hash":"0d53c4ff8a75b6f4c92937ec8553ebfee1633b0f"}
,"C:\\Users\\david\\Documents\\BYUI Classes\\itm-350\\workout-app\\workout-log-app\\src\\public\\app.js": {"path":"C:\\Users\\david\\Documents\\BYUI Classes\\itm-350\\workout-app\\workout-log-app\\src\\public\\app.js","statementMap":{"0":{"start":{"line":2,"column":0},"end":{"line":9,"column":3}},"1":{"start":{"line":3,"column":22},"end":{"line":3,"column":53}},"2":{"start":{"line":4,"column":18},"end":{"line":4,"column":56}},"3":{"start":{"line":5,"column":4},"end":{"line":5,"column":28}},"4":{"start":{"line":6,"column":4},"end":{"line":6,"column":26}},"5":{"start":{"line":8,"column":4},"end":{"line":8,"column":19}},"6":{"start":{"line":12,"column":0},"end":{"line":48,"column":3}},"7":{"start":{"line":13,"column":4},"end":{"line":13,"column":23}},"8":{"start":{"line":15,"column":20},"end":{"line":22,"column":5}},"9":{"start":{"line":24,"column":4},"end":{"line":47,"column":5}},"10":{"start":{"line":25,"column":25},"end":{"line":29,"column":10}},"11":{"start":{"line":31,"column":21},"end":{"line":31,"column":42}},"12":{"start":{"line":33,"column":8},"end":{"line":43,"column":9}},"13":{"start":{"line":34,"column":12},"end":{"line":34,"column":67}},"14":{"start":{"line":35,"column":12},"end":{"line":35,"column":59}},"15":{"start":{"line":36,"column":26},"end":{"line":36,"column":64}},"16":{"start":{"line":37,"column":12},"end":{"line":37,"column":58}},"17":{"start":{"line":38,"column":12},"end":{"line":38,"column":54}},"18":{"start":{"line":39,"column":12},"end":{"line":39,"column":55}},"19":{"start":{"line":40,"column":12},"end":{"line":40,"column":27}},"20":{"start":{"line":42,"column":12},"end":{"line":42,"column":70}},"21":{"start":{"line":45,"column":8},"end":{"line":45,"column":39}},"22":{"start":{"line":46,"column":8},"end":{"line":46,"column":71}},"23":{"start":{"line":52,"column":4},"end":{"line":65,"column":5}},"24":{"start":{"line":53,"column":25},"end":{"line":53,"column":53}},"25":{"start":{"line":54,"column":21},"end":{"line":54,"column":42}},"26":{"start":{"line":56,"column":8},"end":{"line":61,"column":9}},"27":{"start":{"line":57,"column":12},"end":{"line":57,"column":43}},"28":{"start":{"line":58,"column":12},"end":{"line":58,"column":39}},"29":{"start":{"line":60,"column":12},"end":{"line":60,"column":65}},"30":{"start":{"line":63,"column":8},"end":{"line":63,"column":56}},"31":{"start":{"line":64,"column":8},"end":{"line":64,"column":54}},"32":{"start":{"line":70,"column":22},"end":{"line":70,"column":57}},"33":{"start":{"line":72,"column":4},"end":{"line":79,"column":5}},"34":{"start":{"line":73,"column":8},"end":{"line":77,"column":10}},"35":{"start":{"line":78,"column":8},"end":{"line":78,"column":15}},"36":{"start":{"line":81,"column":4},"end":{"line":120,"column":16}},"37":{"start":{"line":82,"column":21},"end":{"line":87,"column":10}},"38":{"start":{"line":89,"column":8},"end":{"line":119,"column":10}},"39":{"start":{"line":125,"column":21},"end":{"line":125,"column":53}},"40":{"start":{"line":126,"column":4},"end":{"line":129,"column":5}},"41":{"start":{"line":127,"column":8},"end":{"line":127,"column":32}},"42":{"start":{"line":128,"column":8},"end":{"line":128,"column":15}},"43":{"start":{"line":131,"column":26},"end":{"line":131,"column":41}},"44":{"start":{"line":132,"column":22},"end":{"line":132,"column":66}},"45":{"start":{"line":132,"column":50},"end":{"line":132,"column":62}},"46":{"start":{"line":133,"column":22},"end":{"line":133,"column":77}},"47":{"start":{"line":133,"column":50},"end":{"line":133,"column":73}},"48":{"start":{"line":135,"column":4},"end":{"line":139,"column":6}},"49":{"start":{"line":144,"column":4},"end":{"line":146,"column":5}},"50":{"start":{"line":145,"column":8},"end":{"line":145,"column":15}},"51":{"start":{"line":148,"column":4},"end":{"line":164,"column":5}},"52":{"start":{"line":149,"column":25},"end":{"line":151,"column":10}},"53":{"start":{"line":153,"column":21},"end":{"line":153,"column":42}},"54":{"start":{"line":155,"column":8},"end":{"line":160,"column":9}},"55":{"start":{"line":156,"column":12},"end":{"line":156,"column":52}},"56":{"start":{"line":157,"column":12},"end":{"line":157,"column":27}},"57":{"start":{"line":159,"column":12},"end":{"line":159,"column":73}},"58":{"start":{"line":162,"column":8},"end":{"line":162,"column":39}},"59":{"start":{"line":163,"column":8},"end":{"line":163,"column":55}},"60":{"start":{"line":169,"column":18},"end":{"line":169,"column":50}},"61":{"start":{"line":170,"column":4},"end":{"line":170,"column":32}},"62":{"start":{"line":171,"column":4},"end":{"line":171,"column":43}},"63":{"start":{"line":173,"column":4},"end":{"line":175,"column":13}},"64":{"start":{"line":174,"column":8},"end":{"line":174,"column":39}},"65":{"start":{"line":180,"column":16},"end":{"line":180,"column":45}},"66":{"start":{"line":181,"column":4},"end":{"line":181,"column":27}},"67":{"start":{"line":182,"column":4},"end":{"line":182,"column":25}}},"fnMap":{"0":{"name":"(anonymous_0)","decl":{"start":{"line":2,"column":46},"end":{"line":2,"column":47}},"loc":{"start":{"line":2,"column":52},"end":{"line":9,"column":1}},"line":2},"1":{"name":"(anonymous_1)","decl":{"start":{"line":12,"column":66},"end":{"line":12,"column":67}},"loc":{"start":{"line":12,"column":79},"end":{"line":48,"column":1}},"line":12},"2":{"name":"loadWorkouts","decl":{"start":{"line":51,"column":15},"end":{"line":51,"column":27}},"loc":{"start":{"line":51,"column":30},"end":{"line":66,"column":1}},"line":51},"3":{"name":"displayWorkouts","decl":{"start":{"line":69,"column":9},"end":{"line":69,"column":24}},"loc":{"start":{"line":69,"column":35},"end":{"line":121,"column":1}},"line":69},"4":{"name":"(anonymous_4)","decl":{"start":{"line":81,"column":39},"end":{"line":81,"column":40}},"loc":{"start":{"line":81,"column":50},"end":{"line":120,"column":5}},"line":81},"5":{"name":"updateStats","decl":{"start":{"line":124,"column":9},"end":{"line":124,"column":20}},"loc":{"start":{"line":124,"column":31},"end":{"line":140,"column":1}},"line":124},"6":{"name":"(anonymous_6)","decl":{"start":{"line":132,"column":38},"end":{"line":132,"column":39}},"loc":{"start":{"line":132,"column":50},"end":{"line":132,"column":62}},"line":132},"7":{"name":"(anonymous_7)","decl":{"start":{"line":133,"column":38},"end":{"line":133,"column":39}},"loc":{"start":{"line":133,"column":50},"end":{"line":133,"column":73}},"line":133},"8":{"name":"deleteWorkout","decl":{"start":{"line":143,"column":15},"end":{"line":143,"column":28}},"loc":{"start":{"line":143,"column":33},"end":{"line":165,"column":1}},"line":143},"9":{"name":"showToast","decl":{"start":{"line":168,"column":9},"end":{"line":168,"column":18}},"loc":{"start":{"line":168,"column":46},"end":{"line":176,"column":1}},"line":168},"10":{"name":"(anonymous_10)","decl":{"start":{"line":173,"column":15},"end":{"line":173,"column":16}},"loc":{"start":{"line":173,"column":21},"end":{"line":175,"column":5}},"line":173},"11":{"name":"escapeHtml","decl":{"start":{"line":179,"column":9},"end":{"line":179,"column":19}},"loc":{"start":{"line":179,"column":26},"end":{"line":183,"column":1}},"line":179}},"branchMap":{"0":{"loc":{"start":{"line":19,"column":16},"end":{"line":19,"column":116}},"type":"cond-expr","locations":[{"start":{"line":19,"column":58},"end":{"line":19,"column":109}},{"start":{"line":19,"column":112},"end":{"line":19,"column":116}}],"line":19},"1":{"loc":{"start":{"line":33,"column":8},"end":{"line":43,"column":9}},"type":"if","locations":[{"start":{"line":33,"column":8},"end":{"line":43,"column":9}},{"start":{"line":41,"column":15},"end":{"line":43,"column":9}}],"line":33},"2":{"loc":{"start":{"line":42,"column":22},"end":{"line":42,"column":59}},"type":"binary-expr","locations":[{"start":{"line":42,"column":22},"end":{"line":42,"column":32}},{"start":{"line":42,"column":36},"end":{"line":42,"column":59}}],"line":42},"3":{"loc":{"start":{"line":56,"column":8},"end":{"line":61,"column":9}},"type":"if","locations":[{"start":{"line":56,"column":8},"end":{"line":61,"column":9}},{"start":{"line":59,"column":15},"end":{"line":61,"column":9}}],"line":56},"4":{"loc":{"start":{"line":72,"column":4},"end":{"line":79,"column":5}},"type":"if","locations":[{"start":{"line":72,"column":4},"end":{"line":79,"column":5}},{"start":{},"end":{}}],"line":72},"5":{"loc":{"start":{"line":72,"column":8},"end":{"line":72,"column":42}},"type":"binary-expr","locations":[{"start":{"line":72,"column":8},"end":{"line":72,"column":17}},{"start":{"line":72,"column":21},"end":{"line":72,"column":42}}],"line":72},"6":{"loc":{"start":{"line":107,"column":22},"end":{"line":111,"column":26}},"type":"cond-expr","locations":[{"start":{"line":107,"column":39},"end":{"line":111,"column":21}},{"start":{"line":111,"column":24},"end":{"line":111,"column":26}}],"line":107},"7":{"loc":{"start":{"line":113,"column":18},"end":{"line":117,"column":22}},"type":"cond-expr","locations":[{"start":{"line":113,"column":34},"end":{"line":117,"column":17}},{"start":{"line":117,"column":20},"end":{"line":117,"column":22}}],"line":113},"8":{"loc":{"start":{"line":126,"column":4},"end":{"line":129,"column":5}},"type":"if","locations":[{"start":{"line":126,"column":4},"end":{"line":129,"column":5}},{"start":{},"end":{}}],"line":126},"9":{"loc":{"start":{"line":126,"column":8},"end":{"line":126,"column":42}},"type":"binary-expr","locations":[{"start":{"line":126,"column":8},"end":{"line":126,"column":17}},{"start":{"line":126,"column":21},"end":{"line":126,"column":42}}],"line":126},"10":{"loc":{"start":{"line":144,"column":4},"end":{"line":146,"column":5}},"type":"if","locations":[{"start":{"line":144,"column":4},"end":{"line":146,"column":5}},{"start":{},"end":{}}],"line":144},"11":{"loc":{"start":{"line":155,"column":8},"end":{"line":160,"column":9}},"type":"if","locations":[{"start":{"line":155,"column":8},"end":{"line":160,"column":9}},{"start":{"line":158,"column":15},"end":{"line":160,"column":9}}],"line":155},"12":{"loc":{"start":{"line":159,"column":22},"end":{"line":159,"column":62}},"type":"binary-expr","locations":[{"start":{"line":159,"column":22},"end":{"line":159,"column":32}},{"start":{"line":159,"column":36},"end":{"line":159,"column":62}}],"line":159},"13":{"loc":{"start":{"line":168,"column":28},"end":{"line":168,"column":44}},"type":"default-arg","locations":[{"start":{"line":168,"column":35},"end":{"line":168,"column":44}}],"line":168}},"s":{"0":0,"1":0,"2":0,"3":0,"4":0,"5":0,"6":0,"7":0,"8":0,"9":0,"10":0,"11":0,"12":0,"13":0,"14":0,"15":0,"16":0,"17":0,"18":0,"19":0,"20":0,"21":0,"22":0,"23":0,"24":0,"25":0,"26":0,"27":0,"28":0,"29":0,"30":0,"31":0,"32":0,"33":0,"34":0,"35":0,"36":0,"37":0,"38":0,"39":0,"40":0,"41":0,"42":0,"43":0,"44":0,"45":0,"46":0,"47":0,"48":0,"49":0,"50":0,"51":0,"52":0,"53":0,"54":0,"55":0,"56":0,"57":0,"58":0,"59":0,"60":0,"61":0,"62":0,"63":0,"64":0,"65":0,"66":0,"67":0},"f":{"0":0,"1":0,"2":0,"3":0,"4":0,"5":0,"6":0,"7":0,"8":0,"9":0,"10":0,"11":0},"b":{"0":[0,0],"1":[0,0],"2":[0,0],"3":[0,0],"4":[0,0],"5":[0,0],"6":[0,0],"7":[0,0],"8":[0,0],"9":[0,0],"10":[0,0],"11":[0,0],"12":[0,0],"13":[0]}}
,"C:\\Users\\david\\Documents\\BYUI Classes\\itm-350\\workout-app\\workout-log-app\\src\\routes\\workouts.js": {"path":"C:\\Users\\david\\Documents\\BYUI Classes\\itm-350\\workout-app\\workout-log-app\\src\\routes\\workouts.js","statementMap":{"0":{"start":{"line":1,"column":16},"end":{"line":1,"column":34}},"1":{"start":{"line":2,"column":15},"end":{"line":2,"column":31}},"2":{"start":{"line":4,"column":0},"end":{"line":93,"column":2}},"3":{"start":{"line":6,"column":2},"end":{"line":14,"column":5}},"4":{"start":{"line":7,"column":4},"end":{"line":13,"column":7}},"5":{"start":{"line":8,"column":6},"end":{"line":11,"column":7}},"6":{"start":{"line":9,"column":8},"end":{"line":9,"column":55}},"7":{"start":{"line":10,"column":8},"end":{"line":10,"column":60}},"8":{"start":{"line":12,"column":6},"end":{"line":12,"column":41}},"9":{"start":{"line":17,"column":2},"end":{"line":33,"column":5}},"10":{"start":{"line":18,"column":15},"end":{"line":18,"column":38}},"11":{"start":{"line":19,"column":4},"end":{"line":21,"column":5}},"12":{"start":{"line":20,"column":6},"end":{"line":20,"column":67}},"13":{"start":{"line":23,"column":4},"end":{"line":32,"column":7}},"14":{"start":{"line":24,"column":6},"end":{"line":27,"column":7}},"15":{"start":{"line":25,"column":8},"end":{"line":25,"column":54}},"16":{"start":{"line":26,"column":8},"end":{"line":26,"column":60}},"17":{"start":{"line":28,"column":6},"end":{"line":30,"column":7}},"18":{"start":{"line":29,"column":8},"end":{"line":29,"column":68}},"19":{"start":{"line":31,"column":6},"end":{"line":31,"column":33}},"20":{"start":{"line":36,"column":2},"end":{"line":71,"column":5}},"21":{"start":{"line":37,"column":63},"end":{"line":37,"column":71}},"22":{"start":{"line":40,"column":4},"end":{"line":44,"column":5}},"23":{"start":{"line":41,"column":6},"end":{"line":43,"column":9}},"24":{"start":{"line":46,"column":4},"end":{"line":50,"column":5}},"25":{"start":{"line":47,"column":6},"end":{"line":49,"column":9}},"26":{"start":{"line":52,"column":20},"end":{"line":59,"column":5}},"27":{"start":{"line":61,"column":4},"end":{"line":70,"column":7}},"28":{"start":{"line":62,"column":6},"end":{"line":65,"column":7}},"29":{"start":{"line":63,"column":8},"end":{"line":63,"column":54}},"30":{"start":{"line":64,"column":8},"end":{"line":64,"column":60}},"31":{"start":{"line":66,"column":6},"end":{"line":69,"column":9}},"32":{"start":{"line":74,"column":2},"end":{"line":90,"column":5}},"33":{"start":{"line":75,"column":15},"end":{"line":75,"column":38}},"34":{"start":{"line":76,"column":4},"end":{"line":78,"column":5}},"35":{"start":{"line":77,"column":6},"end":{"line":77,"column":67}},"36":{"start":{"line":80,"column":4},"end":{"line":89,"column":7}},"37":{"start":{"line":81,"column":6},"end":{"line":84,"column":7}},"38":{"start":{"line":82,"column":8},"end":{"line":82,"column":54}},"39":{"start":{"line":83,"column":8},"end":{"line":83,"column":60}},"40":{"start":{"line":85,"column":6},"end":{"line":87,"column":7}},"41":{"start":{"line":86,"column":8},"end":{"line":86,"column":68}},"42":{"start":{"line":88,"column":6},"end":{"line":88,"column":60}},"43":{"start":{"line":92,"column":2},"end":{"line":92,"column":16}}},"fnMap":{"0":{"name":"(anonymous_0)","decl":{"start":{"line":4,"column":17},"end":{"line":4,"column":18}},"loc":{"start":{"line":4,"column":25},"end":{"line":93,"column":1}},"line":4},"1":{"name":"(anonymous_1)","decl":{"start":{"line":6,"column":30},"end":{"line":6,"column":31}},"loc":{"start":{"line":6,"column":44},"end":{"line":14,"column":3}},"line":6},"2":{"name":"(anonymous_2)","decl":{"start":{"line":7,"column":22},"end":{"line":7,"column":23}},"loc":{"start":{"line":7,"column":37},"end":{"line":13,"column":5}},"line":7},"3":{"name":"(anonymous_3)","decl":{"start":{"line":17,"column":34},"end":{"line":17,"column":35}},"loc":{"start":{"line":17,"column":48},"end":{"line":33,"column":3}},"line":17},"4":{"name":"(anonymous_4)","decl":{"start":{"line":23,"column":26},"end":{"line":23,"column":27}},"loc":{"start":{"line":23,"column":40},"end":{"line":32,"column":5}},"line":23},"5":{"name":"(anonymous_5)","decl":{"start":{"line":36,"column":31},"end":{"line":36,"column":32}},"loc":{"start":{"line":36,"column":45},"end":{"line":71,"column":3}},"line":36},"6":{"name":"(anonymous_6)","decl":{"start":{"line":61,"column":30},"end":{"line":61,"column":31}},"loc":{"start":{"line":61,"column":44},"end":{"line":70,"column":5}},"line":61},"7":{"name":"(anonymous_7)","decl":{"start":{"line":74,"column":37},"end":{"line":74,"column":38}},"loc":{"start":{"line":74,"column":51},"end":{"line":90,"column":3}},"line":74},"8":{"name":"(anonymous_8)","decl":{"start":{"line":80,"column":25},"end":{"line":80,"column":26}},"loc":{"start":{"line":80,"column":39},"end":{"line":89,"column":5}},"line":80}},"branchMap":{"0":{"loc":{"start":{"line":8,"column":6},"end":{"line":11,"column":7}},"type":"if","locations":[{"start":{"line":8,"column":6},"end":{"line":11,"column":7}},{"start":{},"end":{}}],"line":8},"1":{"loc":{"start":{"line":12,"column":27},"end":{"line":12,"column":37}},"type":"binary-expr","locations":[{"start":{"line":12,"column":27},"end":{"line":12,"column":31}},{"start":{"line":12,"column":35},"end":{"line":12,"column":37}}],"line":12},"2":{"loc":{"start":{"line":19,"column":4},"end":{"line":21,"column":5}},"type":"if","locations":[{"start":{"line":19,"column":4},"end":{"line":21,"column":5}},{"start":{},"end":{}}],"line":19},"3":{"loc":{"start":{"line":24,"column":6},"end":{"line":27,"column":7}},"type":"if","locations":[{"start":{"line":24,"column":6},"end":{"line":27,"column":7}},{"start":{},"end":{}}],"line":24},"4":{"loc":{"start":{"line":28,"column":6},"end":{"line":30,"column":7}},"type":"if","locations":[{"start":{"line":28,"column":6},"end":{"line":30,"column":7}},{"start":{},"end":{}}],"line":28},"5":{"loc":{"start":{"line":40,"column":4},"end":{"line":44,"column":5}},"type":"if","locations":[{"start":{"line":40,"column":4},"end":{"line":44,"column":5}},{"start":{},"end":{}}],"line":40},"6":{"loc":{"start":{"line":40,"column":8},"end":{"line":40,"column":49}},"type":"binary-expr","locations":[{"start":{"line":40,"column":8},"end":{"line":40,"column":22}},{"start":{"line":40,"column":26},"end":{"line":40,"column":31}},{"start":{"line":40,"column":35},"end":{"line":40,"column":40}},{"start":{"line":40,"column":44},"end":{"line":40,"column":49}}],"line":40},"7":{"loc":{"start":{"line":46,"column":4},"end":{"line":50,"column":5}},"type":"if","locations":[{"start":{"line":46,"column":4},"end":{"line":50,"column":5}},{"start":{},"end":{}}],"line":46},"8":{"loc":{"start":{"line":46,"column":8},"end":{"line":46,"column":28}},"type":"binary-expr","locations":[{"start":{"line":46,"column":8},"end":{"line":46,"column":16}},{"start":{"line":46,"column":20},"end":{"line":46,"column":28}}],"line":46},"9":{"loc":{"start":{"line":56,"column":14},"end":{"line":56,"column":48}},"type":"cond-expr","locations":[{"start":{"line":56,"column":23},"end":{"line":56,"column":41}},{"start":{"line":56,"column":44},"end":{"line":56,"column":48}}],"line":56},"10":{"loc":{"start":{"line":58,"column":13},"end":{"line":58,"column":24}},"type":"binary-expr","locations":[{"start":{"line":58,"column":13},"end":{"line":58,"column":18}},{"start":{"line":58,"column":22},"end":{"line":58,"column":24}}],"line":58},"11":{"loc":{"start":{"line":62,"column":6},"end":{"line":65,"column":7}},"type":"if","locations":[{"start":{"line":62,"column":6},"end":{"line":65,"column":7}},{"start":{},"end":{}}],"line":62},"12":{"loc":{"start":{"line":76,"column":4},"end":{"line":78,"column":5}},"type":"if","locations":[{"start":{"line":76,"column":4},"end":{"line":78,"column":5}},{"start":{},"end":{}}],"line":76},"13":{"loc":{"start":{"line":81,"column":6},"end":{"line":84,"column":7}},"type":"if","locations":[{"start":{"line":81,"column":6},"end":{"line":84,"column":7}},{"start":{},"end":{}}],"line":81},"14":{"loc":{"start":{"line":85,"column":6},"end":{"line":87,"column":7}},"type":"if","locations":[{"start":{"line":85,"column":6},"end":{"line":87,"column":7}},{"start":{},"end":{}}],"line":85}},"s":{"0":1,"1":1,"2":1,"3":1,"4":1,"5":1,"6":0,"7":0,"8":1,"9":1,"10":4,"11":4,"12":1,"13":3,"14":3,"15":0,"16":0,"17":3,"18":2,"19":1,"20":1,"21":7,"22":7,"23":2,"24":5,"25":0,"26":5,"27":5,"28":5,"29":0,"30":0,"31":5,"32":1,"33":3,"34":3,"35":1,"36":2,"37":2,"38":0,"39":0,"40":2,"41":1,"42":1,"43":1},"f":{"0":1,"1":1,"2":1,"3":4,"4":3,"5":7,"6":5,"7":3,"8":2},"b":{"0":[0,1],"1":[1,0],"2":[1,3],"3":[0,3],"4":[2,1],"5":[2,5],"6":[7,7,6,5],"7":[0,5],"8":[5,5],"9":[2,3],"10":[5,4],"11":[0,5],"12":[1,2],"13":[0,2],"14":[1,1]},"_coverageSchema":"1a1c01bbd47fc00a2c39e90264f33305004495a9","hash":"f681aa7941e9059cae440c05e9d3240d3f2a3fef"}
}
