TN:
SF:src\models\database.js
FN:6,(anonymous_0)
FN:13,(anonymous_1)
FN:23,(anonymous_2)
FN:37,(anonymous_3)
FN:46,(anonymous_4)
FN:51,(anonymous_5)
FN:56,(anonymous_6)
FN:72,(anonymous_7)
FN:77,(anonymous_8)
FN:78,(anonymous_9)
FNF:10
FNH:8
FNDA:7,(anonymous_0)
FNDA:7,(anonymous_1)
FNDA:7,(anonymous_2)
FNDA:7,(anonymous_3)
FNDA:3,(anonymous_4)
FNDA:5,(anonymous_5)
FNDA:10,(anonymous_6)
FNDA:3,(anonymous_7)
FNDA:0,(anonymous_8)
FNDA:0,(anonymous_9)
DA:1,2
DA:2,2
DA:3,2
DA:8,7
DA:9,7
DA:10,0
DA:13,7
DA:14,7
DA:15,0
DA:17,7
DA:18,7
DA:24,7
DA:37,7
DA:38,7
DA:39,0
DA:41,7
DA:47,3
DA:48,3
DA:52,5
DA:53,5
DA:57,10
DA:61,10
DA:69,10
DA:73,3
DA:74,3
DA:78,0
DA:79,0
DA:80,0
DA:82,0
DA:88,2
LF:30
LH:23
BRDA:6,0,0,1
BRDA:9,1,0,0
BRDA:9,1,1,7
BRDA:14,2,0,0
BRDA:14,2,1,7
BRDA:38,3,0,0
BRDA:38,3,1,7
BRDA:65,4,0,10
BRDA:65,4,1,5
BRDA:67,5,0,10
BRDA:67,5,1,5
BRDA:79,6,0,0
BRDA:79,6,1,0
BRF:13
BRH:8
end_of_record
TN:
SF:src\public\app.js
FN:2,(anonymous_0)
FN:12,(anonymous_1)
FN:51,loadWorkouts
FN:69,displayWorkouts
FN:81,(anonymous_4)
FN:124,updateStats
FN:132,(anonymous_6)
FN:133,(anonymous_7)
FN:143,deleteWorkout
FN:168,showToast
FN:173,(anonymous_10)
FN:179,escapeHtml
FNF:12
FNH:0
FNDA:0,(anonymous_0)
FNDA:0,(anonymous_1)
FNDA:0,loadWorkouts
FNDA:0,displayWorkouts
FNDA:0,(anonymous_4)
FNDA:0,updateStats
FNDA:0,(anonymous_6)
FNDA:0,(anonymous_7)
FNDA:0,deleteWorkout
FNDA:0,showToast
FNDA:0,(anonymous_10)
FNDA:0,escapeHtml
DA:2,0
DA:3,0
DA:4,0
DA:5,0
DA:6,0
DA:8,0
DA:12,0
DA:13,0
DA:15,0
DA:24,0
DA:25,0
DA:31,0
DA:33,0
DA:34,0
DA:35,0
DA:36,0
DA:37,0
DA:38,0
DA:39,0
DA:40,0
DA:42,0
DA:45,0
DA:46,0
DA:52,0
DA:53,0
DA:54,0
DA:56,0
DA:57,0
DA:58,0
DA:60,0
DA:63,0
DA:64,0
DA:70,0
DA:72,0
DA:73,0
DA:78,0
DA:81,0
DA:82,0
DA:89,0
DA:125,0
DA:126,0
DA:127,0
DA:128,0
DA:131,0
DA:132,0
DA:133,0
DA:135,0
DA:144,0
DA:145,0
DA:148,0
DA:149,0
DA:153,0
DA:155,0
DA:156,0
DA:157,0
DA:159,0
DA:162,0
DA:163,0
DA:169,0
DA:170,0
DA:171,0
DA:173,0
DA:174,0
DA:180,0
DA:181,0
DA:182,0
LF:66
LH:0
BRDA:19,0,0,0
BRDA:19,0,1,0
BRDA:33,1,0,0
BRDA:33,1,1,0
BRDA:42,2,0,0
BRDA:42,2,1,0
BRDA:56,3,0,0
BRDA:56,3,1,0
BRDA:72,4,0,0
BRDA:72,4,1,0
BRDA:72,5,0,0
BRDA:72,5,1,0
BRDA:107,6,0,0
BRDA:107,6,1,0
BRDA:113,7,0,0
BRDA:113,7,1,0
BRDA:126,8,0,0
BRDA:126,8,1,0
BRDA:126,9,0,0
BRDA:126,9,1,0
BRDA:144,10,0,0
BRDA:144,10,1,0
BRDA:155,11,0,0
BRDA:155,11,1,0
BRDA:159,12,0,0
BRDA:159,12,1,0
BRDA:168,13,0,0
BRF:27
BRH:0
end_of_record
TN:
SF:src\routes\workouts.js
FN:4,(anonymous_0)
FN:6,(anonymous_1)
FN:7,(anonymous_2)
FN:17,(anonymous_3)
FN:23,(anonymous_4)
FN:36,(anonymous_5)
FN:61,(anonymous_6)
FN:74,(anonymous_7)
FN:80,(anonymous_8)
FNF:9
FNH:9
FNDA:1,(anonymous_0)
FNDA:1,(anonymous_1)
FNDA:1,(anonymous_2)
FNDA:4,(anonymous_3)
FNDA:3,(anonymous_4)
FNDA:7,(anonymous_5)
FNDA:5,(anonymous_6)
FNDA:3,(anonymous_7)
FNDA:2,(anonymous_8)
DA:1,1
DA:2,1
DA:4,1
DA:6,1
DA:7,1
DA:8,1
DA:9,0
DA:10,0
DA:12,1
DA:17,1
DA:18,4
DA:19,4
DA:20,1
DA:23,3
DA:24,3
DA:25,0
DA:26,0
DA:28,3
DA:29,2
DA:31,1
DA:36,1
DA:37,7
DA:40,7
DA:41,2
DA:46,5
DA:47,0
DA:52,5
DA:61,5
DA:62,5
DA:63,0
DA:64,0
DA:66,5
DA:74,1
DA:75,3
DA:76,3
DA:77,1
DA:80,2
DA:81,2
DA:82,0
DA:83,0
DA:85,2
DA:86,1
DA:88,1
DA:92,1
LF:44
LH:35
BRDA:8,0,0,0
BRDA:8,0,1,1
BRDA:12,1,0,1
BRDA:12,1,1,0
BRDA:19,2,0,1
BRDA:19,2,1,3
BRDA:24,3,0,0
BRDA:24,3,1,3
BRDA:28,4,0,2
BRDA:28,4,1,1
BRDA:40,5,0,2
BRDA:40,5,1,5
BRDA:40,6,0,7
BRDA:40,6,1,7
BRDA:40,6,2,6
BRDA:40,6,3,5
BRDA:46,7,0,0
BRDA:46,7,1,5
BRDA:46,8,0,5
BRDA:46,8,1,5
BRDA:56,9,0,2
BRDA:56,9,1,3
BRDA:58,10,0,5
BRDA:58,10,1,4
BRDA:62,11,0,0
BRDA:62,11,1,5
BRDA:76,12,0,1
BRDA:76,12,1,2
BRDA:81,13,0,0
BRDA:81,13,1,2
BRDA:85,14,0,1
BRDA:85,14,1,1
BRF:32
BRH:26
end_of_record
